{"timestamp":"2026-04-03T19:09:07.475776Z","level":"info","event":"Stats instance was created in PID 58899 but accessed in PID 59282. Re-initializing.","logger":"airflow.stats","filename":"stats.py","lineno":57}
{"timestamp":"2026-04-03T19:09:07.482734Z","level":"info","event":"DAG bundles loaded: dags-folder","logger":"airflow.dag_processing.bundles.manager.DagBundlesManager","filename":"manager.py","lineno":179}
{"timestamp":"2026-04-03T19:09:07.483072Z","level":"info","event":"Filling up the DagBag from /Users/vedantgupta/Desktop/CSDS397_HW2/hw5_airflow/dags/employee_pipeline_dag.py","logger":"airflow.models.dagbag.BundleDagBag","filename":"dagbag.py","lineno":593}
{"timestamp":"2026-04-03T19:09:07.505462Z","level":"info","event":"Tmp dir root location: /var/folders/g4/1y6684wd3n16rmcf43kf3w280000gn/T","logger":"airflow.task.hooks.airflow.providers.standard.hooks.subprocess.SubprocessHook","filename":"subprocess.py","lineno":78}
{"timestamp":"2026-04-03T19:09:07.505674Z","level":"info","event":"Running command: ['/bin/bash', 'tmp6q0nx4fx.sh']","logger":"airflow.task.hooks.airflow.providers.standard.hooks.subprocess.SubprocessHook","filename":"subprocess.py","lineno":80}
{"timestamp":"2026-04-03T19:09:07.508292Z","level":"info","event":"Output:","logger":"airflow.task.hooks.airflow.providers.standard.hooks.subprocess.SubprocessHook","filename":"subprocess.py","lineno":92}
{"timestamp":"2026-04-03T19:09:07.603389Z","level":"info","event":"total_rows\tdistinct_employee_ids","logger":"airflow.task.hooks.airflow.providers.standard.hooks.subprocess.SubprocessHook","filename":"subprocess.py","lineno":99}
{"timestamp":"2026-04-03T19:09:07.603494Z","level":"info","event":"735\t681","logger":"airflow.task.hooks.airflow.providers.standard.hooks.subprocess.SubprocessHook","filename":"subprocess.py","lineno":99}
{"timestamp":"2026-04-03T19:09:07.603518Z","level":"info","event":"employee_id\tcnt","logger":"airflow.task.hooks.airflow.providers.standard.hooks.subprocess.SubprocessHook","filename":"subprocess.py","lineno":99}
{"timestamp":"2026-04-03T19:09:07.603533Z","level":"info","event":"7599\t3","logger":"airflow.task.hooks.airflow.providers.standard.hooks.subprocess.SubprocessHook","filename":"subprocess.py","lineno":99}
{"timestamp":"2026-04-03T19:09:07.603637Z","level":"info","event":"9244\t3","logger":"airflow.task.hooks.airflow.providers.standard.hooks.subprocess.SubprocessHook","filename":"subprocess.py","lineno":99}
{"timestamp":"2026-04-03T19:09:07.603660Z","level":"info","event":"1269\t2","logger":"airflow.task.hooks.airflow.providers.standard.hooks.subprocess.SubprocessHook","filename":"subprocess.py","lineno":99}
{"timestamp":"2026-04-03T19:09:07.603704Z","level":"info","event":"1446\t2","logger":"airflow.task.hooks.airflow.providers.standard.hooks.subprocess.SubprocessHook","filename":"subprocess.py","lineno":99}
{"timestamp":"2026-04-03T19:09:07.603716Z","level":"info","event":"1521\t2","logger":"airflow.task.hooks.airflow.providers.standard.hooks.subprocess.SubprocessHook","filename":"subprocess.py","lineno":99}
{"timestamp":"2026-04-03T19:09:07.603727Z","level":"info","event":"1573\t2","logger":"airflow.task.hooks.airflow.providers.standard.hooks.subprocess.SubprocessHook","filename":"subprocess.py","lineno":99}
{"timestamp":"2026-04-03T19:09:07.603742Z","level":"info","event":"1732\t2","logger":"airflow.task.hooks.airflow.providers.standard.hooks.subprocess.SubprocessHook","filename":"subprocess.py","lineno":99}
{"timestamp":"2026-04-03T19:09:07.603753Z","level":"info","event":"2229\t2","logger":"airflow.task.hooks.airflow.providers.standard.hooks.subprocess.SubprocessHook","filename":"subprocess.py","lineno":99}
{"timestamp":"2026-04-03T19:09:07.605088Z","level":"info","event":"2239\t2","logger":"airflow.task.hooks.airflow.providers.standard.hooks.subprocess.SubprocessHook","filename":"subprocess.py","lineno":99}
{"timestamp":"2026-04-03T19:09:07.605118Z","level":"info","event":"2527\t2","logger":"airflow.task.hooks.airflow.providers.standard.hooks.subprocess.SubprocessHook","filename":"subprocess.py","lineno":99}
{"timestamp":"2026-04-03T19:09:07.605133Z","level":"info","event":"2609\t2","logger":"airflow.task.hooks.airflow.providers.standard.hooks.subprocess.SubprocessHook","filename":"subprocess.py","lineno":99}
{"timestamp":"2026-04-03T19:09:07.605145Z","level":"info","event":"3029\t2","logger":"airflow.task.hooks.airflow.providers.standard.hooks.subprocess.SubprocessHook","filename":"subprocess.py","lineno":99}
{"timestamp":"2026-04-03T19:09:07.605156Z","level":"info","event":"3634\t2","logger":"airflow.task.hooks.airflow.providers.standard.hooks.subprocess.SubprocessHook","filename":"subprocess.py","lineno":99}
{"timestamp":"2026-04-03T19:09:07.605167Z","level":"info","event":"3736\t2","logger":"airflow.task.hooks.airflow.providers.standard.hooks.subprocess.SubprocessHook","filename":"subprocess.py","lineno":99}
{"timestamp":"2026-04-03T19:09:07.605177Z","level":"info","event":"4102\t2","logger":"airflow.task.hooks.airflow.providers.standard.hooks.subprocess.SubprocessHook","filename":"subprocess.py","lineno":99}
{"timestamp":"2026-04-03T19:09:07.605190Z","level":"info","event":"4449\t2","logger":"airflow.task.hooks.airflow.providers.standard.hooks.subprocess.SubprocessHook","filename":"subprocess.py","lineno":99}
{"timestamp":"2026-04-03T19:09:07.605202Z","level":"info","event":"4510\t2","logger":"airflow.task.hooks.airflow.providers.standard.hooks.subprocess.SubprocessHook","filename":"subprocess.py","lineno":99}
{"timestamp":"2026-04-03T19:09:07.605213Z","level":"info","event":"4527\t2","logger":"airflow.task.hooks.airflow.providers.standard.hooks.subprocess.SubprocessHook","filename":"subprocess.py","lineno":99}
{"timestamp":"2026-04-03T19:09:07.605223Z","level":"info","event":"4629\t2","logger":"airflow.task.hooks.airflow.providers.standard.hooks.subprocess.SubprocessHook","filename":"subprocess.py","lineno":99}
{"timestamp":"2026-04-03T19:09:07.605234Z","level":"info","event":"4646\t2","logger":"airflow.task.hooks.airflow.providers.standard.hooks.subprocess.SubprocessHook","filename":"subprocess.py","lineno":99}
{"timestamp":"2026-04-03T19:09:07.605245Z","level":"info","event":"missing_employee_id\tmissing_name\tmissing_department\tmissing_join_date\tmissing_salary","logger":"airflow.task.hooks.airflow.providers.standard.hooks.subprocess.SubprocessHook","filename":"subprocess.py","lineno":99}
{"timestamp":"2026-04-03T19:09:07.605259Z","level":"info","event":"0\t38\t0\t0\t20","logger":"airflow.task.hooks.airflow.providers.standard.hooks.subprocess.SubprocessHook","filename":"subprocess.py","lineno":99}
{"timestamp":"2026-04-03T19:09:07.605270Z","level":"info","event":"department\tcnt","logger":"airflow.task.hooks.airflow.providers.standard.hooks.subprocess.SubprocessHook","filename":"subprocess.py","lineno":99}
{"timestamp":"2026-04-03T19:09:07.605281Z","level":"info","event":"Development\t245","logger":"airflow.task.hooks.airflow.providers.standard.hooks.subprocess.SubprocessHook","filename":"subprocess.py","lineno":99}
{"timestamp":"2026-04-03T19:09:07.605291Z","level":"info","event":"Operations\t153","logger":"airflow.task.hooks.airflow.providers.standard.hooks.subprocess.SubprocessHook","filename":"subprocess.py","lineno":99}
{"timestamp":"2026-04-03T19:09:07.605302Z","level":"info","event":"Support\t119","logger":"airflow.task.hooks.airflow.providers.standard.hooks.subprocess.SubprocessHook","filename":"subprocess.py","lineno":99}
{"timestamp":"2026-04-03T19:09:07.605312Z","level":"info","event":"Sales\t98","logger":"airflow.task.hooks.airflow.providers.standard.hooks.subprocess.SubprocessHook","filename":"subprocess.py","lineno":99}
{"timestamp":"2026-04-03T19:09:07.605323Z","level":"info","event":"Marketing\t83","logger":"airflow.task.hooks.airflow.providers.standard.hooks.subprocess.SubprocessHook","filename":"subprocess.py","lineno":99}
{"timestamp":"2026-04-03T19:09:07.605333Z","level":"info","event":"Leadership\t11","logger":"airflow.task.hooks.airflow.providers.standard.hooks.subprocess.SubprocessHook","filename":"subprocess.py","lineno":99}
{"timestamp":"2026-04-03T19:09:07.605343Z","level":"info","event":"Sls\t4","logger":"airflow.task.hooks.airflow.providers.standard.hooks.subprocess.SubprocessHook","filename":"subprocess.py","lineno":99}
{"timestamp":"2026-04-03T19:09:07.605353Z","level":"info","event":"MKT\t3","logger":"airflow.task.hooks.airflow.providers.standard.hooks.subprocess.SubprocessHook","filename":"subprocess.py","lineno":99}
{"timestamp":"2026-04-03T19:09:07.605363Z","level":"info","event":"SUPP\t3","logger":"airflow.task.hooks.airflow.providers.standard.hooks.subprocess.SubprocessHook","filename":"subprocess.py","lineno":99}
{"timestamp":"2026-04-03T19:09:07.605381Z","level":"info","event":"SALE\t3","logger":"airflow.task.hooks.airflow.providers.standard.hooks.subprocess.SubprocessHook","filename":"subprocess.py","lineno":99}
{"timestamp":"2026-04-03T19:09:07.605391Z","level":"info","event":"Supprt\t2","logger":"airflow.task.hooks.airflow.providers.standard.hooks.subprocess.SubprocessHook","filename":"subprocess.py","lineno":99}
{"timestamp":"2026-04-03T19:09:07.605401Z","level":"info","event":"Supportt\t2","logger":"airflow.task.hooks.airflow.providers.standard.hooks.subprocess.SubprocessHook","filename":"subprocess.py","lineno":99}
{"timestamp":"2026-04-03T19:09:07.605411Z","level":"info","event":"Marketingg\t2","logger":"airflow.task.hooks.airflow.providers.standard.hooks.subprocess.SubprocessHook","filename":"subprocess.py","lineno":99}
{"timestamp":"2026-04-03T19:09:07.605421Z","level":"info","event":"Slaes\t2","logger":"airflow.task.hooks.airflow.providers.standard.hooks.subprocess.SubprocessHook","filename":"subprocess.py","lineno":99}
{"timestamp":"2026-04-03T19:09:07.605431Z","level":"info","event":"Markting\t2","logger":"airflow.task.hooks.airflow.providers.standard.hooks.subprocess.SubprocessHook","filename":"subprocess.py","lineno":99}
{"timestamp":"2026-04-03T19:09:07.605441Z","level":"info","event":"Mktg\t1","logger":"airflow.task.hooks.airflow.providers.standard.hooks.subprocess.SubprocessHook","filename":"subprocess.py","lineno":99}
{"timestamp":"2026-04-03T19:09:07.605453Z","level":"info","event":"Saless\t1","logger":"airflow.task.hooks.airflow.providers.standard.hooks.subprocess.SubprocessHook","filename":"subprocess.py","lineno":99}
{"timestamp":"2026-04-03T19:09:07.605463Z","level":"info","event":"Suport\t1","logger":"airflow.task.hooks.airflow.providers.standard.hooks.subprocess.SubprocessHook","filename":"subprocess.py","lineno":99}
{"timestamp":"2026-04-03T19:09:07.605474Z","level":"info","event":"fmt_yyyy_mm_dd\tfmt_mm_dd_yyyy_slash\tfmt_yyyy_mm_dd_slash\tfmt_mm_dd_yyyy_dash\tmissing","logger":"airflow.task.hooks.airflow.providers.standard.hooks.subprocess.SubprocessHook","filename":"subprocess.py","lineno":99}
{"timestamp":"2026-04-03T19:09:07.605484Z","level":"info","event":"587\t48\t56\t44\t0","logger":"airflow.task.hooks.airflow.providers.standard.hooks.subprocess.SubprocessHook","filename":"subprocess.py","lineno":99}
{"timestamp":"2026-04-03T19:09:07.605495Z","level":"info","event":"performance_rating\tcnt","logger":"airflow.task.hooks.airflow.providers.standard.hooks.subprocess.SubprocessHook","filename":"subprocess.py","lineno":99}
{"timestamp":"2026-04-03T19:09:07.605505Z","level":"info","event":"4\t180","logger":"airflow.task.hooks.airflow.providers.standard.hooks.subprocess.SubprocessHook","filename":"subprocess.py","lineno":99}
{"timestamp":"2026-04-03T19:09:07.605516Z","level":"info","event":"3\t171","logger":"airflow.task.hooks.airflow.providers.standard.hooks.subprocess.SubprocessHook","filename":"subprocess.py","lineno":99}
{"timestamp":"2026-04-03T19:09:07.605526Z","level":"info","event":"2\t169","logger":"airflow.task.hooks.airflow.providers.standard.hooks.subprocess.SubprocessHook","filename":"subprocess.py","lineno":99}
{"timestamp":"2026-04-03T19:09:07.605536Z","level":"info","event":"5\t145","logger":"airflow.task.hooks.airflow.providers.standard.hooks.subprocess.SubprocessHook","filename":"subprocess.py","lineno":99}
{"timestamp":"2026-04-03T19:09:07.605546Z","level":"info","event":"1\t35","logger":"airflow.task.hooks.airflow.providers.standard.hooks.subprocess.SubprocessHook","filename":"subprocess.py","lineno":99}
{"timestamp":"2026-04-03T19:09:07.605556Z","level":"info","event":"High Performer\t12","logger":"airflow.task.hooks.airflow.providers.standard.hooks.subprocess.SubprocessHook","filename":"subprocess.py","lineno":99}
{"timestamp":"2026-04-03T19:09:07.605566Z","level":"info","event":"Medium\t8","logger":"airflow.task.hooks.airflow.providers.standard.hooks.subprocess.SubprocessHook","filename":"subprocess.py","lineno":99}
{"timestamp":"2026-04-03T19:09:07.605576Z","level":"info","event":"Medium High\t6","logger":"airflow.task.hooks.airflow.providers.standard.hooks.subprocess.SubprocessHook","filename":"subprocess.py","lineno":99}
{"timestamp":"2026-04-03T19:09:07.605586Z","level":"info","event":"Medium Low\t6","logger":"airflow.task.hooks.airflow.providers.standard.hooks.subprocess.SubprocessHook","filename":"subprocess.py","lineno":99}
{"timestamp":"2026-04-03T19:09:07.605596Z","level":"info","event":"Low Performer\t3","logger":"airflow.task.hooks.airflow.providers.standard.hooks.subprocess.SubprocessHook","filename":"subprocess.py","lineno":99}
{"timestamp":"2026-04-03T19:09:07.836507Z","level":"info","event":"staging_employees","logger":"airflow.task.hooks.airflow.providers.standard.hooks.subprocess.SubprocessHook","filename":"subprocess.py","lineno":99}
{"timestamp":"2026-04-03T19:09:07.836588Z","level":"info","event":"681","logger":"airflow.task.hooks.airflow.providers.standard.hooks.subprocess.SubprocessHook","filename":"subprocess.py","lineno":99}
{"timestamp":"2026-04-03T19:09:07.836608Z","level":"info","event":"staging_departments","logger":"airflow.task.hooks.airflow.providers.standard.hooks.subprocess.SubprocessHook","filename":"subprocess.py","lineno":99}
{"timestamp":"2026-04-03T19:09:07.836673Z","level":"info","event":"18","logger":"airflow.task.hooks.airflow.providers.standard.hooks.subprocess.SubprocessHook","filename":"subprocess.py","lineno":99}
{"timestamp":"2026-04-03T19:09:07.836686Z","level":"info","event":"staging_countries","logger":"airflow.task.hooks.airflow.providers.standard.hooks.subprocess.SubprocessHook","filename":"subprocess.py","lineno":99}
{"timestamp":"2026-04-03T19:09:07.836697Z","level":"info","event":"10","logger":"airflow.task.hooks.airflow.providers.standard.hooks.subprocess.SubprocessHook","filename":"subprocess.py","lineno":99}
{"timestamp":"2026-04-03T19:09:07.973818Z","level":"info","event":"cleaned_rows","logger":"airflow.task.hooks.airflow.providers.standard.hooks.subprocess.SubprocessHook","filename":"subprocess.py","lineno":99}
{"timestamp":"2026-04-03T19:09:07.973890Z","level":"info","event":"681","logger":"airflow.task.hooks.airflow.providers.standard.hooks.subprocess.SubprocessHook","filename":"subprocess.py","lineno":99}
{"timestamp":"2026-04-03T19:09:07.981234Z","level":"info","event":"Command exited with return code 0","logger":"airflow.task.hooks.airflow.providers.standard.hooks.subprocess.SubprocessHook","filename":"subprocess.py","lineno":103}
{"timestamp":"2026-04-03T19:09:07.982221Z","level":"info","event":"Pushing xcom","ti":"RuntimeTaskInstance(id=UUID('019d54bf-beac-7000-9a36-a7c761123f38'), task_id='clean_and_normalize', dag_id='employee_pipeline_dag', run_id='manual__2026-04-03T18:44:03.096590+00:00', try_number=1, dag_version_id=UUID('019d54b2-4540-7b26-afee-0ccb7db78758'), map_index=-1, hostname='vedants-macbook-air-477.local', context_carrier={}, task=<Task(BashOperator): clean_and_normalize>, bundle_instance=LocalDagBundle(name=dags-folder), max_tries=1, start_date=datetime.datetime(2026, 4, 3, 19, 9, 7, 450243, tzinfo=datetime.timezone.utc), end_date=None, state=<TaskInstanceState.RUNNING: 'running'>, is_mapped=False, rendered_map_index=None)","logger":"task","filename":"task_runner.py","lineno":1573}
